A suitable version of cmake was not found (required v4.3.3).
Downloading https://github.com/Kitware/CMake/releases/download/v4.3.3/cmake-4.3.3-windows-x86_64.zip -> cmake-4.3.3-windows-x86_64.zip
Successfully downloaded cmake-4.3.3-windows-x86_64.zip
Extracting cmake...
A suitable version of 7zip was not found (required v26.1.0).
Downloading https://github.com/ip7z/7zip/releases/download/26.01/7z2601-x64.exe -> 7z2601-x64.7z.exe
Successfully downloaded 7z2601-x64.7z.exe
Extracting 7zip...
A suitable version of 7zr was not found (required v26.1.0).
Downloading https://github.com/ip7z/7zip/releases/download/26.01/7zr.exe -> f798fab8-7zr.exe
Successfully downloaded f798fab8-7zr.exe
Detecting compiler hash for triplet x64-windows...
A suitable version of powershell-core was not found (required v7.6.2).
Downloading https://github.com/PowerShell/PowerShell/releases/download/v7.6.2/PowerShell-7.6.2-win-x64.zip -> PowerShell-7.6.2-win-x64.zip
Successfully downloaded PowerShell-7.6.2-win-x64.zip
Extracting powershell-core...
Compiler found: C:/Program Files (x86)/Microsoft Visual Studio/2022/BuildTools/VC/Tools/MSVC/14.44.35207/bin/Hostx64/x64/cl.exe
The following packages will be built and installed:
  * brotli:x64-windows@1.2.0
  * c-ares:x64-windows@1.34.6#1
    drogon:x64-windows@1.9.13#1
  * jsoncpp:x64-windows@1.9.6
  * openssl:x64-windows@3.6.3
  * trantor:x64-windows@1.5.28
  * vcpkg-cmake:x64-windows@2024-04-23
  * vcpkg-cmake-config:x64-windows@2024-05-23
  * vcpkg-cmake-get-vars:x64-windows@2025-05-29
  * zlib:x64-windows@1.3.2#1
Additional packages (*) will be modified to complete this operation.
Restored 0 package(s) from C:\Users\Kritika\AppData\Local\vcpkg\archives in 592 us. Use --debug to see more details.
Installing 1/10 vcpkg-cmake-config:x64-windows@2024-05-23...
vcpkg-cmake-config:x64-windows@2024-05-23 package ABI: 26be6be4c27bd03977324cbc220dc5283c800b2ea65614799021813e93a740ae
Building vcpkg-cmake-config:x64-windows@2024-05-23...
-- Installing: C:/Users/Kritika/vcpkg/packages/vcpkg-cmake-config_x64-windows/share/vcpkg-cmake-config/vcpkg_cmake_config_fixup.cmake
-- Installing: C:/Users/Kritika/vcpkg/packages/vcpkg-cmake-config_x64-windows/share/vcpkg-cmake-config/vcpkg-port-config.cmake
-- Installing: C:/Users/Kritika/vcpkg/packages/vcpkg-cmake-config_x64-windows/share/vcpkg-cmake-config/copyright
-- Skipping post-build validation due to VCPKG_POLICY_EMPTY_PACKAGE
Starting submission of vcpkg-cmake-config:x64-windows@2024-05-23 to 1 binary cache(s) in the background
Elapsed time to handle vcpkg-cmake-config:x64-windows: 331 ms
Installing 2/10 vcpkg-cmake:x64-windows@2024-04-23...
vcpkg-cmake:x64-windows@2024-04-23 package ABI: bef8b7b9e8e2eccb07a4ed07bf220292ac13754b63328830c9d22c94665b98d1
Building vcpkg-cmake:x64-windows@2024-04-23...
-- Installing: C:/Users/Kritika/vcpkg/packages/vcpkg-cmake_x64-windows/share/vcpkg-cmake/vcpkg_cmake_configure.cmake
-- Installing: C:/Users/Kritika/vcpkg/packages/vcpkg-cmake_x64-windows/share/vcpkg-cmake/vcpkg_cmake_build.cmake
-- Installing: C:/Users/Kritika/vcpkg/packages/vcpkg-cmake_x64-windows/share/vcpkg-cmake/vcpkg_cmake_install.cmake
-- Installing: C:/Users/Kritika/vcpkg/packages/vcpkg-cmake_x64-windows/share/vcpkg-cmake/vcpkg-port-config.cmake
-- Installing: C:/Users/Kritika/vcpkg/packages/vcpkg-cmake_x64-windows/share/vcpkg-cmake/copyright
-- Performing post-build validation
Starting submission of vcpkg-cmake:x64-windows@2024-04-23 to 1 binary cache(s) in the background
Elapsed time to handle vcpkg-cmake:x64-windows: 349 ms
Completed submission of vcpkg-cmake-config:x64-windows@2024-05-23 to 1 binary cache(s) in 126 ms
Installing 3/10 zlib:x64-windows@1.3.2#1...
zlib:x64-windows@1.3.2#1 package ABI: e45a117542d7232fdc5ade9b51387a1f6271adbb45621a4428774660018142b7
Building zlib:x64-windows@1.3.2#1...
Downloading https://github.com/madler/zlib/archive/v1.3.2.tar.gz -> madler-zlib-v1.3.2.tar.gz
Successfully downloaded madler-zlib-v1.3.2.tar.gz
-- Extracting source C:/Users/Kritika/vcpkg/downloads/madler-zlib-v1.3.2.tar.gz
-- Applying patch 0001-no-version-script-on-ohos.patch
-- Using source at C:/Users/Kritika/vcpkg/buildtrees/zlib/src/v1.3.2-c19a0bfd23.clean
-- Configuring x64-windows
-- Building x64-windows-dbg
-- Building x64-windows-rel
-- Fixing pkgconfig file: C:/Users/Kritika/vcpkg/packages/zlib_x64-windows/lib/pkgconfig/zlib.pc
Downloading msys2-mingw-w64-x86_64-pkgconf-1~2.5.1-1-any.pkg.tar.zst, trying https://mirror.msys2.org/mingw/mingw64/mingw-w64-x86_64-pkgconf-1~2.5.1-1-any.pkg.tar.zst
Successfully downloaded msys2-mingw-w64-x86_64-pkgconf-1~2.5.1-1-any.pkg.tar.zst
Downloading msys2-msys2-runtime-3.6.5-1-x86_64.pkg.tar.zst, trying https://mirror.msys2.org/msys/x86_64/msys2-runtime-3.6.5-1-x86_64.pkg.tar.zst
Successfully downloaded msys2-msys2-runtime-3.6.5-1-x86_64.pkg.tar.zst
-- Using msys root at C:/Users/Kritika/vcpkg/downloads/tools/msys2/3e71d1f8e22ab23f
-- Fixing pkgconfig file: C:/Users/Kritika/vcpkg/packages/zlib_x64-windows/debug/lib/pkgconfig/zlib.pc
-- Installing: C:/Users/Kritika/vcpkg/packages/zlib_x64-windows/share/zlib/vcpkg-cmake-wrapper.cmake
-- Installing: C:/Users/Kritika/vcpkg/packages/zlib_x64-windows/share/zlib/copyright
-- Performing post-build validation
Starting submission of zlib:x64-windows@1.3.2#1 to 1 binary cache(s) in the background
Elapsed time to handle zlib:x64-windows: 31 s
Completed submission of vcpkg-cmake:x64-windows@2024-04-23 to 1 binary cache(s) in 105 ms
Installing 4/10 vcpkg-cmake-get-vars:x64-windows@2025-05-29...
vcpkg-cmake-get-vars:x64-windows@2025-05-29 package ABI: 8a1cf68cf42f4d2bd43721bcc8db0dbaad6b008a67a796dcfb1689afef954680
Building vcpkg-cmake-get-vars:x64-windows@2025-05-29...
-- Installing: C:/Users/Kritika/vcpkg/packages/vcpkg-cmake-get-vars_x64-windows/share/vcpkg-cmake-get-vars/vcpkg_cmake_get_vars.cmake
-- Installing: C:/Users/Kritika/vcpkg/packages/vcpkg-cmake-get-vars_x64-windows/share/vcpkg-cmake-get-vars/cmake_get_vars
-- Installing: C:/Users/Kritika/vcpkg/packages/vcpkg-cmake-get-vars_x64-windows/share/vcpkg-cmake-get-vars/cmake_get_vars/CMakeLists.txt
-- Installing: C:/Users/Kritika/vcpkg/packages/vcpkg-cmake-get-vars_x64-windows/share/vcpkg-cmake-get-vars/cmake-get-vars.cmake.in
-- Installing: C:/Users/Kritika/vcpkg/packages/vcpkg-cmake-get-vars_x64-windows/share/vcpkg-cmake-get-vars/vcpkg-port-config.cmake
-- Installing: C:/Users/Kritika/vcpkg/packages/vcpkg-cmake-get-vars_x64-windows/share/vcpkg-cmake-get-vars/copyright
-- Performing post-build validation
Starting submission of vcpkg-cmake-get-vars:x64-windows@2025-05-29 to 1 binary cache(s) in the background
Elapsed time to handle vcpkg-cmake-get-vars:x64-windows: 221 ms
Installing 5/10 openssl:x64-windows@3.6.3...
openssl:x64-windows@3.6.3 package ABI: 6795fb7ea038bc87ea0c7c5e00bc8ed2e047fd0379d1efc97bf32975a1b013fa
Building openssl:x64-windows@3.6.3...
Downloading https://github.com/openssl/openssl/archive/openssl-3.6.3.tar.gz -> openssl-openssl-openssl-3.6.3.tar.gz
Successfully downloaded openssl-openssl-openssl-3.6.3.tar.gz
-- Extracting source C:/Users/Kritika/vcpkg/downloads/openssl-openssl-openssl-3.6.3.tar.gz
-- Applying patch cmake-config.patch
-- Applying patch command-line-length.patch
-- Applying patch script-prefix.patch
-- Applying patch windows/install-layout.patch
-- Applying patch windows/install-pdbs.patch
-- Applying patch windows/install-programs.diff
-- Applying patch unix/android-cc.patch
-- Applying patch unix/move-openssldir.patch
-- Applying patch unix/no-empty-dirs.patch
-- Applying patch unix/no-static-libs-for-shared.patch
-- Using source at C:/Users/Kritika/vcpkg/buildtrees/openssl/src/nssl-3.6.3-28a9d34a24.clean
-- Getting CMake variables for x64-windows
-- Loading CMake variables from C:/Users/Kritika/vcpkg/buildtrees/openssl/cmake-get-vars_C_CXX-x64-windows.cmake.log
Downloading https://github.com/StrawberryPerl/Perl-Dist-Strawberry/releases/download/SP_54221_64bit/strawberry-perl-5.42.2.1-64bit-portable.zip -> strawberry-perl-5.42.2.1-64bit-portable.zip
Successfully downloaded strawberry-perl-5.42.2.1-64bit-portable.zip
Downloading nasm-3.01-win64.zip, trying https://www.nasm.us/pub/nasm/releasebuilds/3.01/win64/nasm-3.01-win64.zip
Successfully downloaded nasm-3.01-win64.zip
-- Getting CMake variables for x64-windows
Downloading jom_1_1_7.zip, trying https://download.qt.io/official_releases/jom/jom_1_1_7.zip
Successfully downloaded jom_1_1_7.zip
-- Prerunning x64-windows-dbg
-- Building x64-windows-dbg
-- Prerunning x64-windows-rel
-- Building x64-windows-rel
-- Fixing pkgconfig file: C:/Users/Kritika/vcpkg/packages/openssl_x64-windows/lib/pkgconfig/libcrypto.pc
-- Fixing pkgconfig file: C:/Users/Kritika/vcpkg/packages/openssl_x64-windows/lib/pkgconfig/libssl.pc
-- Fixing pkgconfig file: C:/Users/Kritika/vcpkg/packages/openssl_x64-windows/lib/pkgconfig/openssl.pc
-- Using cached msys2-mingw-w64-x86_64-pkgconf-1~2.5.1-1-any.pkg.tar.zst
-- Using cached msys2-msys2-runtime-3.6.5-1-x86_64.pkg.tar.zst
-- Using msys root at C:/Users/Kritika/vcpkg/downloads/tools/msys2/3e71d1f8e22ab23f
-- Fixing pkgconfig file: C:/Users/Kritika/vcpkg/packages/openssl_x64-windows/debug/lib/pkgconfig/libcrypto.pc
-- Fixing pkgconfig file: C:/Users/Kritika/vcpkg/packages/openssl_x64-windows/debug/lib/pkgconfig/libssl.pc
-- Fixing pkgconfig file: C:/Users/Kritika/vcpkg/packages/openssl_x64-windows/debug/lib/pkgconfig/openssl.pc
-- Installing: C:/Users/Kritika/vcpkg/packages/openssl_x64-windows/share/openssl/usage
-- Installing: C:/Users/Kritika/vcpkg/packages/openssl_x64-windows/share/openssl/copyright
-- Performing post-build validation
Starting submission of openssl:x64-windows@3.6.3 to 1 binary cache(s) in the background
Elapsed time to handle openssl:x64-windows: 19 min
Completed submission of zlib:x64-windows@1.3.2#1 to 1 binary cache(s) in 271 ms
Completed submission of vcpkg-cmake-get-vars:x64-windows@2025-05-29 to 1 binary cache(s) in 87.5 ms
Installing 6/10 c-ares:x64-windows@1.34.6#1...
c-ares:x64-windows@1.34.6#1 package ABI: 879081e75c178b47cefb0001f5c9d61f6aaffc37ef89111acc6354fce0754539
Building c-ares:x64-windows@1.34.6#1...
Downloading https://github.com/c-ares/c-ares/archive/v1.34.6.tar.gz -> c-ares-c-ares-v1.34.6.tar.gz
Successfully downloaded c-ares-c-ares-v1.34.6.tar.gz
-- Extracting source C:/Users/Kritika/vcpkg/downloads/c-ares-c-ares-v1.34.6.tar.gz
-- Applying patch avoid-docs.patch
-- Using source at C:/Users/Kritika/vcpkg/buildtrees/c-ares/src/v1.34.6-9122277e83.clean
-- Configuring x64-windows
-- Building x64-windows-dbg
-- Building x64-windows-rel
-- Fixing pkgconfig file: C:/Users/Kritika/vcpkg/packages/c-ares_x64-windows/lib/pkgconfig/libcares.pc
-- Using cached msys2-mingw-w64-x86_64-pkgconf-1~2.5.1-1-any.pkg.tar.zst
-- Using cached msys2-msys2-runtime-3.6.5-1-x86_64.pkg.tar.zst
-- Using msys root at C:/Users/Kritika/vcpkg/downloads/tools/msys2/3e71d1f8e22ab23f
-- Fixing pkgconfig file: C:/Users/Kritika/vcpkg/packages/c-ares_x64-windows/debug/lib/pkgconfig/libcares.pc
-- Installing: C:/Users/Kritika/vcpkg/packages/c-ares_x64-windows/share/c-ares/usage
-- Installing: C:/Users/Kritika/vcpkg/packages/c-ares_x64-windows/share/c-ares/copyright
-- Performing post-build validation
Starting submission of c-ares:x64-windows@1.34.6#1 to 1 binary cache(s) in the background
Elapsed time to handle c-ares:x64-windows: 4 min
Completed submission of openssl:x64-windows@3.6.3 to 1 binary cache(s) in 4.7 s
Installing 7/10 trantor:x64-windows@1.5.28...
trantor:x64-windows@1.5.28 package ABI: aa77ab428f6ceade8300fe364cff1e3c6ba762aa91ed63b1815c57593314602e
Building trantor:x64-windows@1.5.28...
Downloading https://github.com/an-tao/trantor/archive/v1.5.28.tar.gz -> an-tao-trantor-v1.5.28.tar.gz
Successfully downloaded an-tao-trantor-v1.5.28.tar.gz
-- Extracting source C:/Users/Kritika/vcpkg/downloads/an-tao-trantor-v1.5.28.tar.gz
-- Applying patch 000-fix-deps.patch
-- Applying patch 001-disable-werror.patch
-- Using source at C:/Users/Kritika/vcpkg/buildtrees/trantor/src/v1.5.28-14142545e4.clean
-- Configuring x64-windows
-- Building x64-windows-dbg
-- Building x64-windows-rel
-- Using cached msys2-mingw-w64-x86_64-pkgconf-1~2.5.1-1-any.pkg.tar.zst
-- Using cached msys2-msys2-runtime-3.6.5-1-x86_64.pkg.tar.zst
-- Using msys root at C:/Users/Kritika/vcpkg/downloads/tools/msys2/3e71d1f8e22ab23f
-- Installing: C:/Users/Kritika/vcpkg/packages/trantor_x64-windows/share/trantor/copyright
-- Performing post-build validation
Starting submission of trantor:x64-windows@1.5.28 to 1 binary cache(s) in the background
Elapsed time to handle trantor:x64-windows: 33 s
Completed submission of c-ares:x64-windows@1.34.6#1 to 1 binary cache(s) in 358 ms
Installing 8/10 jsoncpp:x64-windows@1.9.6...
jsoncpp:x64-windows@1.9.6 package ABI: ba27518100e3562cb336ec24ae15b841db93b95b6a5f9757118d6f84a087f5f3
Building jsoncpp:x64-windows@1.9.6...
Downloading https://github.com/open-source-parsers/jsoncpp/archive/1.9.6.tar.gz -> open-source-parsers-jsoncpp-1.9.6.tar.gz
Successfully downloaded open-source-parsers-jsoncpp-1.9.6.tar.gz
-- Extracting source C:/Users/Kritika/vcpkg/downloads/open-source-parsers-jsoncpp-1.9.6.tar.gz
-- Using source at C:/Users/Kritika/vcpkg/buildtrees/jsoncpp/src/1.9.6-29ceffc35f.clean
-- Configuring x64-windows
-- Building x64-windows-dbg
-- Building x64-windows-rel
-- Fixing pkgconfig file: C:/Users/Kritika/vcpkg/packages/jsoncpp_x64-windows/lib/pkgconfig/jsoncpp.pc
-- Using cached msys2-mingw-w64-x86_64-pkgconf-1~2.5.1-1-any.pkg.tar.zst
-- Using cached msys2-msys2-runtime-3.6.5-1-x86_64.pkg.tar.zst
-- Using msys root at C:/Users/Kritika/vcpkg/downloads/tools/msys2/3e71d1f8e22ab23f
-- Fixing pkgconfig file: C:/Users/Kritika/vcpkg/packages/jsoncpp_x64-windows/debug/lib/pkgconfig/jsoncpp.pc
-- Installing: C:/Users/Kritika/vcpkg/packages/jsoncpp_x64-windows/share/jsoncpp/copyright
-- Performing post-build validation
Starting submission of jsoncpp:x64-windows@1.9.6 to 1 binary cache(s) in the background
Elapsed time to handle jsoncpp:x64-windows: 17 s
Completed submission of trantor:x64-windows@1.5.28 to 1 binary cache(s) in 1.6 s
Installing 9/10 brotli:x64-windows@1.2.0...
brotli:x64-windows@1.2.0 package ABI: cbc3de19cd4317b0e3613c75b52593913f4e82814cbadaecf1a86ede8a34f359
Building brotli:x64-windows@1.2.0...
Downloading https://github.com/google/brotli/archive/v1.2.0.tar.gz -> google-brotli-v1.2.0.tar.gz
Successfully downloaded google-brotli-v1.2.0.tar.gz
-- Extracting source C:/Users/Kritika/vcpkg/downloads/google-brotli-v1.2.0.tar.gz
-- Applying patch install.patch
-- Applying patch pkgconfig.patch
-- Using source at C:/Users/Kritika/vcpkg/buildtrees/brotli/src/v1.2.0-7af7ca71ad.clean
-- Configuring x64-windows
-- Building x64-windows-dbg
-- Building x64-windows-rel
-- Fixing pkgconfig file: C:/Users/Kritika/vcpkg/packages/brotli_x64-windows/lib/pkgconfig/libbrotlicommon.pc
-- Fixing pkgconfig file: C:/Users/Kritika/vcpkg/packages/brotli_x64-windows/lib/pkgconfig/libbrotlidec.pc
-- Fixing pkgconfig file: C:/Users/Kritika/vcpkg/packages/brotli_x64-windows/lib/pkgconfig/libbrotlienc.pc
-- Using cached msys2-mingw-w64-x86_64-pkgconf-1~2.5.1-1-any.pkg.tar.zst
-- Using cached msys2-msys2-runtime-3.6.5-1-x86_64.pkg.tar.zst
-- Using msys root at C:/Users/Kritika/vcpkg/downloads/tools/msys2/3e71d1f8e22ab23f
-- Fixing pkgconfig file: C:/Users/Kritika/vcpkg/packages/brotli_x64-windows/debug/lib/pkgconfig/libbrotlicommon.pc
-- Fixing pkgconfig file: C:/Users/Kritika/vcpkg/packages/brotli_x64-windows/debug/lib/pkgconfig/libbrotlidec.pc
-- Fixing pkgconfig file: C:/Users/Kritika/vcpkg/packages/brotli_x64-windows/debug/lib/pkgconfig/libbrotlienc.pc
-- Installing: C:/Users/Kritika/vcpkg/packages/brotli_x64-windows/share/brotli/usage
-- Installing: C:/Users/Kritika/vcpkg/packages/brotli_x64-windows/share/brotli/copyright
-- Performing post-build validation
Starting submission of brotli:x64-windows@1.2.0 to 1 binary cache(s) in the background
Elapsed time to handle brotli:x64-windows: 18 s
Completed submission of jsoncpp:x64-windows@1.9.6 to 1 binary cache(s) in 634 ms
Installing 10/10 drogon:x64-windows@1.9.13#1...
drogon:x64-windows@1.9.13#1 package ABI: a42ee4968bd15fa4b7c451af3771e7160cc62dfccd10f8800aa17259f272c4d7
Building drogon:x64-windows@1.9.13#1...
Downloading https://github.com/drogonframework/drogon/archive/v1.9.13.tar.gz -> drogonframework-drogon-v1.9.13.tar.gz
Successfully downloaded drogonframework-drogon-v1.9.13.tar.gz
-- Extracting source C:/Users/Kritika/vcpkg/downloads/drogonframework-drogon-v1.9.13.tar.gz
-- Applying patch 0001-vcpkg.patch
-- Applying patch 0002-drogon-config.patch
-- Applying patch 0003-deps-redis.patch
-- Applying patch 0004-drogon-ctl.patch
-- Applying patch 0005-fix-1.9.13-chunked-encoding-close-connection.patch
-- Using source at C:/Users/Kritika/vcpkg/buildtrees/drogon/src/v1.9.13-cca05d91e5.clean
-- Configuring x64-windows-dbg
-- Configuring x64-windows-rel
-- Building x64-windows-dbg
-- Building x64-windows-rel
-- Using cached msys2-mingw-w64-x86_64-pkgconf-1~2.5.1-1-any.pkg.tar.zst
-- Using cached msys2-msys2-runtime-3.6.5-1-x86_64.pkg.tar.zst
-- Using msys root at C:/Users/Kritika/vcpkg/downloads/tools/msys2/3e71d1f8e22ab23f
-- Installing: C:/Users/Kritika/vcpkg/packages/drogon_x64-windows/share/drogon/usage
-- Installing: C:/Users/Kritika/vcpkg/packages/drogon_x64-windows/share/drogon/copyright
-- Performing post-build validation
Starting submission of drogon:x64-windows@1.9.13#1 to 1 binary cache(s) in the background
Elapsed time to handle drogon:x64-windows: 3.1 min
Installed contents are licensed to you by owners. Microsoft is not responsible for, nor does it grant any licenses to, third-party packages.
Packages installed in this vcpkg installation declare the following licenses:
Apache-2.0
BSD-2-Clause
MIT
Zlib
The package drogon provides CMake targets:

    find_package(Drogon CONFIG REQUIRED)
    target_link_libraries(main PRIVATE Drogon::Drogon)

Completed submission of brotli:x64-windows@1.2.0 to 1 binary cache(s) in 309 ms
Waiting for 1 remaining binary cache submissions...
Completed submission of drogon:x64-windows@1.9.13#1 to 1 binary cache(s) in 6 s (1/1)
All requested installations completed successfully in: 28 min
